build/app/outputs/mapping/r8/release/mapping.txt
# compiler: R8
# compiler_version: 1.2.49
# min_api: 16
com.example.project.MainActivity -> com.example.project.MainActivity:
    void configureFlutterEngine(io.flutter.embedding.engine.FlutterEngine) -> a
...
io.grpc.util.RoundRobinLoadBalancer$Ref -> c.b.g.b$c:
    java.lang.Object value -> a
io.grpc.util.RoundRobinLoadBalancer$RoundRobinPicker -> c.b.g.b$d:
    boolean isEquivalentTo(io.grpc.util.RoundRobinLoadBalancer$RoundRobinPicker) -> a
io.grpc.util.RoundRobinLoadBalancer$StickinessState -> c.b.g.b$e:
    io.grpc.Metadata$Key key -> a
    java.util.Queue evictionQueue -> c
    java.util.concurrent.ConcurrentMap stickinessMap -> b
    void addToEvictionQueue(java.lang.String) -> b
    io.grpc.LoadBalancer$Subchannel getSubchannel(java.lang.String) -> a
    io.grpc.LoadBalancer$Subchannel maybeRegister(java.lang.String,io.grpc.LoadBalancer$Subchannel) -> a
    void remove(io.grpc.LoadBalancer$Subchannel) -> a
io.grpc.util.SecretRoundRobinLoadBalancerProvider$Provider -> c.b.g.c$a:
    boolean isAvailable() -> a
    int getPriority() -> b
    io.grpc.LoadBalancer newLoadBalancer(io.grpc.LoadBalancer$Helper) -> a
    java.lang.String getPolicyName() -> c
io.opencensus.common.AutoValue_Timestamp -> c.c.a.a:
    int nanos -> b
    long seconds -> a
    int getNanos() -> e
    long getSeconds() -> a
io.opencensus.common.TimeUtils -> c.c.a.b:
    java.math.BigInteger MAX_LONG_VALUE -> a
    java.math.BigInteger MIN_LONG_VALUE -> b
    int compareLongs(long,long) -> a
io.opencensus.common.Timestamp -> c.c.a.c:
    io.opencensus.common.Timestamp create(long,int) -> a
    int compareTo(io.opencensus.common.Timestamp) -> a
    int getNanos() -> e
    long getSeconds() -> a
io.opencensus.contrib.grpc.metrics.RpcMeasureConstants -> c.c.b.a.a.a:
    io.opencensus.stats.Measure$MeasureDouble GRPC_CLIENT_RECEIVED_BYTES_PER_METHOD -> j
    io.opencensus.stats.Measure$MeasureDouble GRPC_CLIENT_RECEIVED_BYTES_PER_RPC -> h
    io.opencensus.stats.Measure$MeasureDouble GRPC_CLIENT_ROUNDTRIP_LATENCY -> m
    io.opencensus.stats.Measure$MeasureDouble GRPC_CLIENT_SENT_BYTES_PER_METHOD -> i
    io.opencensus.stats.Measure$MeasureDouble GRPC_CLIENT_SENT_BYTES_PER_RPC -> g
    io.opencensus.stats.Measure$MeasureDouble GRPC_CLIENT_SERVER_LATENCY -> p
    io.opencensus.stats.Measure$MeasureDouble GRPC_SERVER_RECEIVED_BYTES_PER_METHOD -> F
    io.opencensus.stats.Measure$MeasureDouble GRPC_SERVER_RECEIVED_BYTES_PER_RPC -> D
    io.opencensus.stats.Measure$MeasureDouble GRPC_SERVER_SENT_BYTES_PER_METHOD -> E
    io.opencensus.stats.Measure$MeasureDouble GRPC_SERVER_SENT_BYTES_PER_RPC -> C
    io.opencensus.stats.Measure$MeasureDouble GRPC_SERVER_SERVER_LATENCY -> K
    io.opencensus.stats.Measure$MeasureDouble RPC_CLIENT_REQUEST_BYTES -> s
    io.opencensus.stats.Measure$MeasureDouble RPC_CLIENT_RESPONSE_BYTES -> t
    io.opencensus.stats.Measure$MeasureDouble RPC_CLIENT_ROUNDTRIP_LATENCY -> u
    io.opencensus.stats.Measure$MeasureDouble RPC_CLIENT_SERVER_ELAPSED_TIME -> v
    io.opencensus.stats.Measure$MeasureDouble RPC_CLIENT_UNCOMPRESSED_REQUEST_BYTES -> w
    io.opencensus.stats.Measure$MeasureDouble RPC_CLIENT_UNCOMPRESSED_RESPONSE_BYTES -> x
io.opencensus.internal.Provider -> c.c.c.a:
    java.lang.Object createInstance(java.lang.Class,java.lang.Class) -> a
io.opencensus.internal.StringUtils -> c.c.c.b:
    boolean isPrintableChar(char) -> a
    boolean isPrintableString(java.lang.String) -> a
io.opencensus.internal.Utils -> c.c.c.c:
    boolean equalsObjects(java.lang.Object,java.lang.Object) -> b
    java.lang.Object checkNotNull(java.lang.Object,java.lang.Object) -> a
    java.lang.String format(java.lang.String,java.lang.Object[]) -> a
    void checkArgument(boolean,java.lang.Object) -> a
    void checkArgument(boolean,java.lang.String,java.lang.Object[]) -> a
    void checkState(boolean,java.lang.Object) -> b
io.opencensus.stats.AutoValue_Measure_MeasureDouble -> c.c.d.a:
    java.lang.String description -> b
    java.lang.String name -> a
    java.lang.String unit -> c
    java.lang.String getDescription() -> b
    java.lang.String getName() -> a
    java.lang.String getUnit() -> c